# JRE version: Java(TM) SE Runtime Environment (7.0_51-b13) (build 1.7.0_51-b13)
# Java VM: Java HotSpot(TM) 64-Bit Server VM (24.51-b03 mixed mode bsd-amd64 compressed oops)
Heap
 PSYoungGen      total 46080K, used 18385K [0x00000007d5500000, 0x00000007e4800000, 0x0000000800000000)
  eden space 45568K, 40% used [0x00000007d5500000,0x00000007d66ec478,0x00000007d8180000)
  from space 512K, 6% used [0x00000007e4780000,0x00000007e4788000,0x00000007e4800000)
  to   space 512K, 0% used [0x00000007e4700000,0x00000007e4700000,0x00000007e4780000)
 ParOldGen       total 87040K, used 40825K [0x0000000780000000, 0x0000000785500000, 0x00000007d5500000)
  object space 87040K, 46% used [0x0000000780000000,0x00000007827de5e0,0x0000000785500000)
 PSPermGen       total 21504K, used 19746K [0x000000077ae00000, 0x000000077c300000, 0x0000000780000000)
  object space 21504K, 91% used [0x000000077ae00000,0x000000077c148808,0x000000077c300000)
GC Heap History (10 events):
Event: 239.104 GC heap before
{Heap before GC invocations=306 (full 0):
 PSYoungGen      total 33280K, used 32864K [0x00000007d5500000, 0x00000007e4800000, 0x0000000800000000)
  eden space 32768K, 100% used [0x00000007d5500000,0x00000007d7500000,0x00000007d7500000)
  from space 512K, 18% used [0x00000007e4700000,0x00000007e4718000,0x00000007e4780000)
  to   space 512K, 0% used [0x00000007e4780000,0x00000007e4780000,0x00000007e4800000)
 ParOldGen       total 87040K, used 40817K [0x0000000780000000, 0x0000000785500000, 0x00000007d5500000)
  object space 87040K, 46% used [0x0000000780000000,0x00000007827dc5e0,0x0000000785500000)
 PSPermGen       total 21504K, used 19746K [0x000000077ae00000, 0x000000077c300000, 0x0000000780000000)
  object space 21504K, 91% used [0x000000077ae00000,0x000000077c148808,0x000000077c300000)
Event: 239.108 GC heap after
Heap after GC invocations=306 (full 0):
 PSYoungGen      total 32768K, used 64K [0x00000007d5500000, 0x00000007e4800000, 0x0000000800000000)
  eden space 32256K, 0% used [0x00000007d5500000,0x00000007d5500000,0x00000007d7480000)
  from space 512K, 12% used [0x00000007e4780000,0x00000007e4790000,0x00000007e4800000)
  to   space 512K, 0% used [0x00000007e4700000,0x00000007e4700000,0x00000007e4780000)
 ParOldGen       total 87040K, used 40817K [0x0000000780000000, 0x0000000785500000, 0x00000007d5500000)
  object space 87040K, 46% used [0x0000000780000000,0x00000007827dc5e0,0x0000000785500000)
 PSPermGen       total 21504K, used 19746K [0x000000077ae00000, 0x000000077c300000, 0x0000000780000000)
  object space 21504K, 91% used [0x000000077ae00000,0x000000077c148808,0x000000077c300000)
}
Event: 239.468 GC heap before
{Heap before GC invocations=307 (full 0):
 PSYoungGen      total 32768K, used 32320K [0x00000007d5500000, 0x00000007e4800000, 0x0000000800000000)
  eden space 32256K, 100% used [0x00000007d5500000,0x00000007d7480000,0x00000007d7480000)
  from space 512K, 12% used [0x00000007e4780000,0x00000007e4790000,0x00000007e4800000)
  to   space 512K, 0% used [0x00000007e4700000,0x00000007e4700000,0x00000007e4780000)
 ParOldGen       total 87040K, used 40817K [0x0000000780000000, 0x0000000785500000, 0x00000007d5500000)
  object space 87040K, 46% used [0x0000000780000000,0x00000007827dc5e0,0x0000000785500000)
 PSPermGen       total 21504K, used 19746K [0x000000077ae00000, 0x000000077c300000, 0x0000000780000000)
  object space 21504K, 91% used [0x000000077ae00000,0x000000077c148808,0x000000077c300000)
Event: 239.471 GC heap after
Heap after GC invocations=307 (full 0):
 PSYoungGen      total 32256K, used 96K [0x00000007d5500000, 0x00000007e4800000, 0x0000000800000000)
  eden space 31744K, 0% used [0x00000007d5500000,0x00000007d5500000,0x00000007d7400000)
  from space 512K, 18% used [0x00000007e4700000,0x00000007e4718000,0x00000007e4780000)
  to   space 512K, 0% used [0x00000007e4780000,0x00000007e4780000,0x00000007e4800000)
 ParOldGen       total 87040K, used 40817K [0x0000000780000000, 0x0000000785500000, 0x00000007d5500000)
  object space 87040K, 46% used [0x0000000780000000,0x00000007827dc5e0,0x0000000785500000)
 PSPermGen       total 21504K, used 19746K [0x000000077ae00000, 0x000000077c300000, 0x0000000780000000)
  object space 21504K, 91% used [0x000000077ae00000,0x000000077c148808,0x000000077c300000)
}
Event: 239.773 GC heap before
{Heap before GC invocations=308 (full 0):
 PSYoungGen      total 32256K, used 31840K [0x00000007d5500000, 0x00000007e4800000, 0x0000000800000000)
  eden space 31744K, 100% used [0x00000007d5500000,0x00000007d7400000,0x00000007d7400000)
  from space 512K, 18% used [0x00000007e4700000,0x00000007e4718000,0x00000007e4780000)
  to   space 512K, 0% used [0x00000007e4780000,0x00000007e4780000,0x00000007e4800000)
 ParOldGen       total 87040K, used 40817K [0x0000000780000000, 0x0000000785500000, 0x00000007d5500000)
  object space 87040K, 46% used [0x0000000780000000,0x00000007827dc5e0,0x0000000785500000)
 PSPermGen       total 21504K, used 19746K [0x000000077ae00000, 0x000000077c300000, 0x0000000780000000)
  object space 21504K, 91% used [0x000000077ae00000,0x000000077c148808,0x000000077c300000)
Event: 239.778 GC heap after
Heap after GC invocations=308 (full 0):
 PSYoungGen      total 38912K, used 64K [0x00000007d5500000, 0x00000007e4800000, 0x0000000800000000)
  eden space 38400K, 0% used [0x00000007d5500000,0x00000007d5500000,0x00000007d7a80000)
  from space 512K, 12% used [0x00000007e4780000,0x00000007e4790000,0x00000007e4800000)
  to   space 512K, 0% used [0x00000007e4700000,0x00000007e4700000,0x00000007e4780000)
 ParOldGen       total 87040K, used 40817K [0x0000000780000000, 0x0000000785500000, 0x00000007d5500000)
  object space 87040K, 46% used [0x0000000780000000,0x00000007827dc5e0,0x0000000785500000)
 PSPermGen       total 21504K, used 19746K [0x000000077ae00000, 0x000000077c300000, 0x0000000780000000)
  object space 21504K, 91% used [0x000000077ae00000,0x000000077c148808,0x000000077c300000)
}
Event: 240.190 GC heap before
{Heap before GC invocations=309 (full 0):
 PSYoungGen      total 38912K, used 38464K [0x00000007d5500000, 0x00000007e4800000, 0x0000000800000000)
  eden space 38400K, 100% used [0x00000007d5500000,0x00000007d7a80000,0x00000007d7a80000)
  from space 512K, 12% used [0x00000007e4780000,0x00000007e4790000,0x00000007e4800000)
  to   space 512K, 0% used [0x00000007e4700000,0x00000007e4700000,0x00000007e4780000)
 ParOldGen       total 87040K, used 40817K [0x0000000780000000, 0x0000000785500000, 0x00000007d5500000)
  object space 87040K, 46% used [0x0000000780000000,0x00000007827dc5e0,0x0000000785500000)
 PSPermGen       total 21504K, used 19746K [0x000000077ae00000, 0x000000077c300000, 0x0000000780000000)
  object space 21504K, 91% used [0x000000077ae00000,0x000000077c148808,0x000000077c300000)
Event: 240.192 GC heap after
Heap after GC invocations=309 (full 0):
 PSYoungGen      total 38400K, used 64K [0x00000007d5500000, 0x00000007e4800000, 0x0000000800000000)
  eden space 37888K, 0% used [0x00000007d5500000,0x00000007d5500000,0x00000007d7a00000)
  from space 512K, 12% used [0x00000007e4700000,0x00000007e4710000,0x00000007e4780000)
  to   space 512K, 0% used [0x00000007e4780000,0x00000007e4780000,0x00000007e4800000)
 ParOldGen       total 87040K, used 40817K [0x0000000780000000, 0x0000000785500000, 0x00000007d5500000)
  object space 87040K, 46% used [0x0000000780000000,0x00000007827dc5e0,0x0000000785500000)
 PSPermGen       total 21504K, used 19746K [0x000000077ae00000, 0x000000077c300000, 0x0000000780000000)
  object space 21504K, 91% used [0x000000077ae00000,0x000000077c148808,0x000000077c300000)
}
Event: 240.567 GC heap before
{Heap before GC invocations=310 (full 0):
 PSYoungGen      total 38400K, used 37952K [0x00000007d5500000, 0x00000007e4800000, 0x0000000800000000)
  eden space 37888K, 100% used [0x00000007d5500000,0x00000007d7a00000,0x00000007d7a00000)
  from space 512K, 12% used [0x00000007e4700000,0x00000007e4710000,0x00000007e4780000)
  to   space 512K, 0% used [0x00000007e4780000,0x00000007e4780000,0x00000007e4800000)
 ParOldGen       total 87040K, used 40817K [0x0000000780000000, 0x0000000785500000, 0x00000007d5500000)
  object space 87040K, 46% used [0x0000000780000000,0x00000007827dc5e0,0x0000000785500000)
 PSPermGen       total 21504K, used 19746K [0x000000077ae00000, 0x000000077c300000, 0x0000000780000000)
  object space 21504K, 91% used [0x000000077ae00000,0x000000077c148808,0x000000077c300000)
Event: 240.574 GC heap after
Heap after GC invocations=310 (full 0):
 PSYoungGen      total 46080K, used 32K [0x00000007d5500000, 0x00000007e4800000, 0x0000000800000000)
  eden space 45568K, 0% used [0x00000007d5500000,0x00000007d5500000,0x00000007d8180000)
  from space 512K, 6% used [0x00000007e4780000,0x00000007e4788000,0x00000007e4800000)
  to   space 512K, 0% used [0x00000007e4700000,0x00000007e4700000,0x00000007e4780000)
 ParOldGen       total 87040K, used 40825K [0x0000000780000000, 0x0000000785500000, 0x00000007d5500000)
  object space 87040K, 46% used [0x0000000780000000,0x00000007827de5e0,0x0000000785500000)
 PSPermGen       total 21504K, used 19746K [0x000000077ae00000, 0x000000077c300000, 0x0000000780000000)
  object space 21504K, 91% used [0x000000077ae00000,0x000000077c148808,0x000000077c300000)
}

